<?xml version="1.0" encoding="UTF-8"?>
<!-- Generated by org.testng.reporters.JUnitXMLReporter -->
<testsuite ignored="1" hostname="MSI" failures="0" tests="1" name="Add Employee Test" time="17.794" errors="0" timestamp="03 Dec 2021 15:11:05 GMT">
  <testcase classname="com.automation.tests.AddEmployeeTest" name="verifyUserCanAbleToAddEmployee" time="12.409"/>
  <testcase classname="com.automation.tests.AddEmployeeTest" name="verifyErrorForMissingFirstNameValue" time="0.0">
    <ignored/>
  </testcase> <!-- verifyErrorForMissingFirstNameValue -->
</testsuite> <!-- Add Employee Test -->
