<?xml version="1.0" encoding="UTF-8"?>
<!-- Generated by org.testng.reporters.JUnitXMLReporter -->
<testsuite ignored="1" hostname="MSI" failures="0" tests="1" name="Login Test" time="11.714" errors="0" timestamp="03 Dec 2021 15:10:47 GMT">
  <testcase classname="com.automation.tests.LoginTest" name="verifyUserCanAbleToLogin" time="5.217"/>
  <testcase classname="com.automation.tests.LoginTest" name="verifyUserCannotAbleToLoginWithInvalidCred" time="0.0">
    <ignored/>
  </testcase> <!-- verifyUserCannotAbleToLoginWithInvalidCred -->
</testsuite> <!-- Login Test -->
