<?xml version="1.0" encoding="UTF-8"?>
<testng-results ignored="2" total="4" passed="2" failed="0" skipped="0">
  <reporter-output>
  </reporter-output>
  <suite started-at="2021-12-03T15:10:35Z" name="Smoke Test Suite" finished-at="2021-12-03T15:11:05Z" duration-ms="29647">
    <groups>
      <group name="Arpita">
        <method signature="AddEmployeeTest.verifyUserCanAbleToAddEmployee()[pri:0, instance:com.automation.tests.AddEmployeeTest@6f44a157]" name="verifyUserCanAbleToAddEmployee" class="com.automation.tests.AddEmployeeTest"/>
      </group> <!-- Arpita -->
      <group name="Smoke">
        <method signature="LoginTest.verifyUserCanAbleToLogin()[pri:0, instance:com.automation.tests.LoginTest@41ab013]" name="verifyUserCanAbleToLogin" class="com.automation.tests.LoginTest"/>
        <method signature="AddEmployeeTest.verifyUserCanAbleToAddEmployee()[pri:0, instance:com.automation.tests.AddEmployeeTest@6f44a157]" name="verifyUserCanAbleToAddEmployee" class="com.automation.tests.AddEmployeeTest"/>
      </group> <!-- Smoke -->
      <group name="Chirag">
        <method signature="LoginTest.verifyUserCanAbleToLogin()[pri:0, instance:com.automation.tests.LoginTest@41ab013]" name="verifyUserCanAbleToLogin" class="com.automation.tests.LoginTest"/>
      </group> <!-- Chirag -->
    </groups>
    <test started-at="2021-12-03T15:10:35Z" name="Login Test" finished-at="2021-12-03T15:10:47Z" duration-ms="11714">
      <class name="com.automation.tests.LoginTest">
        <test-method is-config="true" signature="setUp()[pri:0, instance:com.automation.tests.LoginTest@41ab013]" started-at="2021-12-03T15:10:35Z" name="setUp" finished-at="2021-12-03T15:10:42Z" duration-ms="6345" status="PASS">
          <reporter-output>
          </reporter-output>
        </test-method> <!-- setUp -->
        <test-method signature="verifyUserCanAbleToLogin()[pri:0, instance:com.automation.tests.LoginTest@41ab013]" started-at="2021-12-03T15:10:42Z" name="verifyUserCanAbleToLogin" finished-at="2021-12-03T15:10:47Z" duration-ms="5217" status="PASS">
          <reporter-output>
          </reporter-output>
        </test-method> <!-- verifyUserCanAbleToLogin -->
        <test-method is-config="true" signature="cleanUp()[pri:0, instance:com.automation.tests.LoginTest@41ab013]" started-at="2021-12-03T15:10:47Z" name="cleanUp" finished-at="2021-12-03T15:10:47Z" duration-ms="124" status="PASS">
          <reporter-output>
          </reporter-output>
        </test-method> <!-- cleanUp -->
      </class> <!-- com.automation.tests.LoginTest -->
    </test> <!-- Login Test -->
    <test started-at="2021-12-03T15:10:47Z" name="Add Employee Test" finished-at="2021-12-03T15:11:05Z" duration-ms="17794">
      <class name="com.automation.tests.AddEmployeeTest">
        <test-method is-config="true" signature="setUp()[pri:0, instance:com.automation.tests.AddEmployeeTest@6f44a157]" started-at="2021-12-03T15:10:47Z" name="setUp" finished-at="2021-12-03T15:10:52Z" duration-ms="5173" status="PASS">
          <reporter-output>
          </reporter-output>
        </test-method> <!-- setUp -->
        <test-method signature="verifyUserCanAbleToAddEmployee()[pri:0, instance:com.automation.tests.AddEmployeeTest@6f44a157]" started-at="2021-12-03T15:10:52Z" name="verifyUserCanAbleToAddEmployee" finished-at="2021-12-03T15:11:05Z" duration-ms="12409" status="PASS">
          <reporter-output>
          </reporter-output>
        </test-method> <!-- verifyUserCanAbleToAddEmployee -->
        <test-method is-config="true" signature="cleanUp()[pri:0, instance:com.automation.tests.AddEmployeeTest@6f44a157]" started-at="2021-12-03T15:11:05Z" name="cleanUp" finished-at="2021-12-03T15:11:05Z" duration-ms="209" status="PASS">
          <reporter-output>
          </reporter-output>
        </test-method> <!-- cleanUp -->
      </class> <!-- com.automation.tests.AddEmployeeTest -->
    </test> <!-- Add Employee Test -->
  </suite> <!-- Smoke Test Suite -->
</testng-results>
